This file contains any messages produced by compilers while
running configure, to aid debugging if configure makes a mistake.

It was created by libfprint configure 0.4.0, which was
generated by GNU Autoconf 2.68.  Invocation command line was

  $ ./configure --enable-maintainer-mode --enable-examples-build --enable-x11-examples-build --enable-debug-log

## --------- ##
## Platform. ##
## --------- ##

hostname = icall
uname -m = i686
uname -r = 3.2.0-30-generic-pae
uname -s = Linux
uname -v = #48-Ubuntu SMP Fri Aug 24 17:14:09 UTC 2012

/usr/bin/uname -p = unknown
/bin/uname -X     = unknown

/bin/arch              = unknown
/usr/bin/arch -k       = unknown
/usr/convex/getsysinfo = unknown
/usr/bin/hostinfo      = unknown
/bin/machine           = unknown
/usr/bin/oslevel       = unknown
/bin/universe          = unknown

PATH: /usr/lib/lightdm/lightdm
PATH: /usr/local/sbin
PATH: /usr/local/bin
PATH: /usr/sbin
PATH: /usr/bin
PATH: /sbin
PATH: /bin
PATH: /usr/games


## ----------- ##
## Core tests. ##
## ----------- ##

configure:2357: checking for a BSD-compatible install
configure:2425: result: /usr/bin/install -c
configure:2436: checking whether build environment is sane
configure:2486: result: yes
configure:2627: checking for a thread-safe mkdir -p
configure:2666: result: /bin/mkdir -p
configure:2679: checking for gawk
configure:2709: result: no
configure:2679: checking for mawk
configure:2695: found /usr/bin/mawk
configure:2706: result: mawk
configure:2717: checking whether make sets $(MAKE)
configure:2739: result: yes
configure:2836: checking whether make supports nested variables
configure:2853: result: yes
configure:2914: checking for gcc
configure:2930: found /usr/bin/gcc
configure:2941: result: gcc
configure:3170: checking for C compiler version
configure:3179: gcc --version >&5
gcc (Ubuntu/Linaro 4.6.3-1ubuntu5) 4.6.3
Copyright (C) 2011 Free Software Foundation, Inc.
This is free software; see the source for copying conditions.  There is NO
warranty; not even for MERCHANTABILITY or FITNESS FOR A PARTICULAR PURPOSE.

configure:3190: $? = 0
configure:3179: gcc -v >&5
Using built-in specs.
COLLECT_GCC=gcc
COLLECT_LTO_WRAPPER=/usr/lib/gcc/i686-linux-gnu/4.6/lto-wrapper
Target: i686-linux-gnu
Configured with: ../src/configure -v --with-pkgversion='Ubuntu/Linaro 4.6.3-1ubuntu5' --with-bugurl=file:///usr/share/doc/gcc-4.6/README.Bugs --enable-languages=c,c++,fortran,objc,obj-c++ --prefix=/usr --program-suffix=-4.6 --enable-shared --enable-linker-build-id --with-system-zlib --libexecdir=/usr/lib --without-included-gettext --enable-threads=posix --with-gxx-include-dir=/usr/include/c++/4.6 --libdir=/usr/lib --enable-nls --with-sysroot=/ --enable-clocale=gnu --enable-libstdcxx-debug --enable-libstdcxx-time=yes --enable-gnu-unique-object --enable-plugin --enable-objc-gc --enable-targets=all --disable-werror --with-arch-32=i686 --with-tune=generic --enable-checking=release --build=i686-linux-gnu --host=i686-linux-gnu --target=i686-linux-gnu
Thread model: posix
gcc version 4.6.3 (Ubuntu/Linaro 4.6.3-1ubuntu5) 
configure:3190: $? = 0
configure:3179: gcc -V >&5
gcc: error: unrecognized option '-V'
gcc: fatal error: no input files
compilation terminated.
configure:3190: $? = 4
configure:3179: gcc -qversion >&5
gcc: error: unrecognized option '-qversion'
gcc: fatal error: no input files
compilation terminated.
configure:3190: $? = 4
configure:3210: checking whether the C compiler works
configure:3232: gcc    conftest.c  >&5
configure:3236: $? = 0
configure:3284: result: yes
configure:3287: checking for C compiler default output file name
configure:3289: result: a.out
configure:3295: checking for suffix of executables
configure:3302: gcc -o conftest    conftest.c  >&5
configure:3306: $? = 0
configure:3328: result: 
configure:3350: checking whether we are cross compiling
configure:3358: gcc -o conftest    conftest.c  >&5
configure:3362: $? = 0
configure:3369: ./conftest
configure:3373: $? = 0
configure:3388: result: no
configure:3393: checking for suffix of object files
configure:3415: gcc -c   conftest.c >&5
configure:3419: $? = 0
configure:3440: result: o
configure:3444: checking whether we are using the GNU C compiler
configure:3463: gcc -c   conftest.c >&5
configure:3463: $? = 0
configure:3472: result: yes
configure:3481: checking whether gcc accepts -g
configure:3501: gcc -c -g  conftest.c >&5
configure:3501: $? = 0
configure:3542: result: yes
configure:3559: checking for gcc option to accept ISO C89
configure:3623: gcc  -c -g -O2  conftest.c >&5
configure:3623: $? = 0
configure:3636: result: none needed
configure:3667: checking for style of include used by make
configure:3695: result: GNU
configure:3721: checking dependency style of gcc
configure:3832: result: gcc3
configure:3849: WARNING: Libtool does not cope well with whitespace in `pwd`
configure:3876: checking build system type
configure:3890: result: i686-pc-linux-gnu
configure:3910: checking host system type
configure:3923: result: i686-pc-linux-gnu
configure:3964: checking how to print strings
configure:3991: result: printf
configure:4012: checking for a sed that does not truncate output
configure:4076: result: /bin/sed
configure:4094: checking for grep that handles long lines and -e
configure:4152: result: /bin/grep
configure:4157: checking for egrep
configure:4219: result: /bin/grep -E
configure:4224: checking for fgrep
configure:4286: result: /bin/grep -F
configure:4321: checking for ld used by gcc
configure:4388: result: /usr/bin/ld
configure:4395: checking if the linker (/usr/bin/ld) is GNU ld
configure:4410: result: yes
configure:4422: checking for BSD- or MS-compatible name lister (nm)
configure:4471: result: /usr/bin/nm -B
configure:4601: checking the name lister (/usr/bin/nm -B) interface
configure:4608: gcc -c -g -O2  conftest.c >&5
configure:4611: /usr/bin/nm -B "conftest.o"
configure:4614: output
00000000 B some_variable
configure:4621: result: BSD nm
configure:4624: checking whether ln -s works
configure:4628: result: yes
configure:4636: checking the maximum length of command line arguments
configure:4766: result: 1572864
configure:4783: checking whether the shell understands some XSI constructs
configure:4793: result: yes
configure:4797: checking whether the shell understands "+="
configure:4803: result: yes
configure:4838: checking how to convert i686-pc-linux-gnu file names to i686-pc-linux-gnu format
configure:4878: result: func_convert_file_noop
configure:4885: checking how to convert i686-pc-linux-gnu file names to toolchain format
configure:4905: result: func_convert_file_noop
configure:4912: checking for /usr/bin/ld option to reload object files
configure:4919: result: -r
configure:4993: checking for objdump
configure:5009: found /usr/bin/objdump
configure:5020: result: objdump
configure:5052: checking how to recognize dependent libraries
configure:5254: result: pass_all
configure:5339: checking for dlltool
configure:5369: result: no
configure:5399: checking how to associate runtime and link libraries
configure:5426: result: printf %s\n
configure:5487: checking for ar
configure:5503: found /usr/bin/ar
configure:5514: result: ar
configure:5551: checking for archiver @FILE support
configure:5568: gcc -c -g -O2  conftest.c >&5
configure:5568: $? = 0
configure:5571: ar cru libconftest.a @conftest.lst >&5
configure:5574: $? = 0
configure:5579: ar cru libconftest.a @conftest.lst >&5
ar: conftest.o: No such file or directory
configure:5582: $? = 1
configure:5594: result: @
configure:5652: checking for strip
configure:5668: found /usr/bin/strip
configure:5679: result: strip
configure:5751: checking for ranlib
configure:5767: found /usr/bin/ranlib
configure:5778: result: ranlib
configure:5880: checking command to parse /usr/bin/nm -B output from gcc object
configure:6000: gcc -c -g -O2  conftest.c >&5
configure:6003: $? = 0
configure:6007: /usr/bin/nm -B conftest.o \| sed -n -e 's/^.*[ ]\([ABCDGIRSTW][ABCDGIRSTW]*\)[ ][ ]*\([_A-Za-z][_A-Za-z0-9]*\)$/\1 \2 \2/p' | sed '/ __gnu_lto/d' \> conftest.nm
configure:6010: $? = 0
configure:6076: gcc -o conftest -g -O2   conftest.c conftstm.o >&5
configure:6079: $? = 0
configure:6117: result: ok
configure:6154: checking for sysroot
configure:6184: result: no
configure:6440: checking for mt
configure:6456: found /bin/mt
configure:6467: result: mt
configure:6490: checking if mt is a manifest tool
configure:6496: mt '-?'
configure:6504: result: no
configure:7146: checking how to run the C preprocessor
configure:7177: gcc -E  conftest.c
configure:7177: $? = 0
configure:7191: gcc -E  conftest.c
conftest.c:11:28: fatal error: ac_nonexistent.h: No such file or directory
compilation terminated.
configure:7191: $? = 1
configure: failed program was:
| /* confdefs.h */
| #define PACKAGE_NAME "libfprint"
| #define PACKAGE_TARNAME "libfprint"
| #define PACKAGE_VERSION "0.4.0"
| #define PACKAGE_STRING "libfprint 0.4.0"
| #define PACKAGE_BUGREPORT ""
| #define PACKAGE_URL ""
| #define PACKAGE "libfprint"
| #define VERSION "0.4.0"
| /* end confdefs.h.  */
| #include <ac_nonexistent.h>
configure:7216: result: gcc -E
configure:7236: gcc -E  conftest.c
configure:7236: $? = 0
configure:7250: gcc -E  conftest.c
conftest.c:11:28: fatal error: ac_nonexistent.h: No such file or directory
compilation terminated.
configure:7250: $? = 1
configure: failed program was:
| /* confdefs.h */
| #define PACKAGE_NAME "libfprint"
| #define PACKAGE_TARNAME "libfprint"
| #define PACKAGE_VERSION "0.4.0"
| #define PACKAGE_STRING "libfprint 0.4.0"
| #define PACKAGE_BUGREPORT ""
| #define PACKAGE_URL ""
| #define PACKAGE "libfprint"
| #define VERSION "0.4.0"
| /* end confdefs.h.  */
| #include <ac_nonexistent.h>
configure:7279: checking for ANSI C header files
configure:7299: gcc -c -g -O2  conftest.c >&5
configure:7299: $? = 0
configure:7372: gcc -o conftest -g -O2   conftest.c  >&5
configure:7372: $? = 0
configure:7372: ./conftest
configure:7372: $? = 0
configure:7383: result: yes
configure:7396: checking for sys/types.h
configure:7396: gcc -c -g -O2  conftest.c >&5
configure:7396: $? = 0
configure:7396: result: yes
configure:7396: checking for sys/stat.h
configure:7396: gcc -c -g -O2  conftest.c >&5
configure:7396: $? = 0
configure:7396: result: yes
configure:7396: checking for stdlib.h
configure:7396: gcc -c -g -O2  conftest.c >&5
configure:7396: $? = 0
configure:7396: result: yes
configure:7396: checking for string.h
configure:7396: gcc -c -g -O2  conftest.c >&5
configure:7396: $? = 0
configure:7396: result: yes
configure:7396: checking for memory.h
configure:7396: gcc -c -g -O2  conftest.c >&5
configure:7396: $? = 0
configure:7396: result: yes
configure:7396: checking for strings.h
configure:7396: gcc -c -g -O2  conftest.c >&5
configure:7396: $? = 0
configure:7396: result: yes
configure:7396: checking for inttypes.h
configure:7396: gcc -c -g -O2  conftest.c >&5
configure:7396: $? = 0
configure:7396: result: yes
configure:7396: checking for stdint.h
configure:7396: gcc -c -g -O2  conftest.c >&5
configure:7396: $? = 0
configure:7396: result: yes
configure:7396: checking for unistd.h
configure:7396: gcc -c -g -O2  conftest.c >&5
configure:7396: $? = 0
configure:7396: result: yes
configure:7410: checking for dlfcn.h
configure:7410: gcc -c -g -O2  conftest.c >&5
configure:7410: $? = 0
configure:7410: result: yes
configure:7616: checking for objdir
configure:7631: result: .libs
configure:7898: checking if gcc supports -fno-rtti -fno-exceptions
configure:7916: gcc -c -g -O2  -fno-rtti -fno-exceptions conftest.c >&5
cc1: warning: command line option '-fno-rtti' is valid for C++/ObjC++ but not for C [enabled by default]
configure:7920: $? = 0
configure:7933: result: no
configure:8260: checking for gcc option to produce PIC
configure:8267: result: -fPIC -DPIC
configure:8275: checking if gcc PIC flag -fPIC -DPIC works
configure:8293: gcc -c -g -O2  -fPIC -DPIC -DPIC conftest.c >&5
configure:8297: $? = 0
configure:8310: result: yes
configure:8339: checking if gcc static flag -static works
configure:8367: result: yes
configure:8382: checking if gcc supports -c -o file.o
configure:8403: gcc -c -g -O2  -o out/conftest2.o conftest.c >&5
configure:8407: $? = 0
configure:8429: result: yes
configure:8437: checking if gcc supports -c -o file.o
configure:8484: result: yes
configure:8517: checking whether the gcc linker (/usr/bin/ld) supports shared libraries
configure:9674: result: yes
configure:9711: checking whether -lc should be explicitly linked in
configure:9719: gcc -c -g -O2  conftest.c >&5
configure:9722: $? = 0
configure:9737: gcc -shared  -fPIC -DPIC conftest.o  -v -Wl,-soname -Wl,conftest -o conftest 2\>\&1 \| /bin/grep  -lc  \>/dev/null 2\>\&1
configure:9740: $? = 0
configure:9754: result: no
configure:9914: checking dynamic linker characteristics
configure:10425: gcc -o conftest -g -O2   -Wl,-rpath -Wl,/foo conftest.c  >&5
configure:10425: $? = 0
configure:10659: result: GNU/Linux ld.so
configure:10766: checking how to hardcode library paths into programs
configure:10791: result: immediate
configure:11331: checking whether stripping libraries is possible
configure:11336: result: yes
configure:11371: checking if libtool supports shared libraries
configure:11373: result: yes
configure:11376: checking whether to build shared libraries
configure:11397: result: yes
configure:11400: checking whether to build static libraries
configure:11404: result: yes
configure:11441: checking for inline
configure:11457: gcc -c -g -O2  conftest.c >&5
configure:11457: $? = 0
configure:11465: result: inline
configure:11484: checking whether gcc and cc understand -c and -o together
configure:11515: gcc -c conftest.c -o conftest2.o >&5
configure:11519: $? = 0
configure:11525: gcc -c conftest.c -o conftest2.o >&5
configure:11529: $? = 0
configure:11540: cc -c conftest.c >&5
configure:11544: $? = 0
configure:11552: cc -c conftest.c -o conftest2.o >&5
configure:11556: $? = 0
configure:11562: cc -c conftest.c -o conftest2.o >&5
configure:11566: $? = 0
configure:11584: result: yes
configure:11667: checking for g++
configure:11683: found /usr/bin/g++
configure:11694: result: g++
configure:11721: checking for C++ compiler version
configure:11730: g++ --version >&5
g++ (Ubuntu/Linaro 4.6.3-1ubuntu5) 4.6.3
Copyright (C) 2011 Free Software Foundation, Inc.
This is free software; see the source for copying conditions.  There is NO
warranty; not even for MERCHANTABILITY or FITNESS FOR A PARTICULAR PURPOSE.

configure:11741: $? = 0
configure:11730: g++ -v >&5
Using built-in specs.
COLLECT_GCC=g++
COLLECT_LTO_WRAPPER=/usr/lib/gcc/i686-linux-gnu/4.6/lto-wrapper
Target: i686-linux-gnu
Configured with: ../src/configure -v --with-pkgversion='Ubuntu/Linaro 4.6.3-1ubuntu5' --with-bugurl=file:///usr/share/doc/gcc-4.6/README.Bugs --enable-languages=c,c++,fortran,objc,obj-c++ --prefix=/usr --program-suffix=-4.6 --enable-shared --enable-linker-build-id --with-system-zlib --libexecdir=/usr/lib --without-included-gettext --enable-threads=posix --with-gxx-include-dir=/usr/include/c++/4.6 --libdir=/usr/lib --enable-nls --with-sysroot=/ --enable-clocale=gnu --enable-libstdcxx-debug --enable-libstdcxx-time=yes --enable-gnu-unique-object --enable-plugin --enable-objc-gc --enable-targets=all --disable-werror --with-arch-32=i686 --with-tune=generic --enable-checking=release --build=i686-linux-gnu --host=i686-linux-gnu --target=i686-linux-gnu
Thread model: posix
gcc version 4.6.3 (Ubuntu/Linaro 4.6.3-1ubuntu5) 
configure:11741: $? = 0
configure:11730: g++ -V >&5
g++: error: unrecognized option '-V'
g++: fatal error: no input files
compilation terminated.
configure:11741: $? = 4
configure:11730: g++ -qversion >&5
g++: error: unrecognized option '-qversion'
g++: fatal error: no input files
compilation terminated.
configure:11741: $? = 4
configure:11745: checking whether we are using the GNU C++ compiler
configure:11764: g++ -c   conftest.cpp >&5
configure:11764: $? = 0
configure:11773: result: yes
configure:11782: checking whether g++ accepts -g
configure:11802: g++ -c -g  conftest.cpp >&5
configure:11802: $? = 0
configure:11843: result: yes
configure:11868: checking dependency style of g++
configure:11979: result: gcc3
configure:12012: checking how to run the C++ preprocessor
configure:12039: g++ -E  conftest.cpp
configure:12039: $? = 0
configure:12053: g++ -E  conftest.cpp
conftest.cpp:23:28: fatal error: ac_nonexistent.h: No such file or directory
compilation terminated.
configure:12053: $? = 1
configure: failed program was:
| /* confdefs.h */
| #define PACKAGE_NAME "libfprint"
| #define PACKAGE_TARNAME "libfprint"
| #define PACKAGE_VERSION "0.4.0"
| #define PACKAGE_STRING "libfprint 0.4.0"
| #define PACKAGE_BUGREPORT ""
| #define PACKAGE_URL ""
| #define PACKAGE "libfprint"
| #define VERSION "0.4.0"
| #define STDC_HEADERS 1
| #define HAVE_SYS_TYPES_H 1
| #define HAVE_SYS_STAT_H 1
| #define HAVE_STDLIB_H 1
| #define HAVE_STRING_H 1
| #define HAVE_MEMORY_H 1
| #define HAVE_STRINGS_H 1
| #define HAVE_INTTYPES_H 1
| #define HAVE_STDINT_H 1
| #define HAVE_UNISTD_H 1
| #define HAVE_DLFCN_H 1
| #define LT_OBJDIR ".libs/"
| /* end confdefs.h.  */
| #include <ac_nonexistent.h>
configure:12078: result: g++ -E
configure:12098: g++ -E  conftest.cpp
configure:12098: $? = 0
configure:12112: g++ -E  conftest.cpp
conftest.cpp:23:28: fatal error: ac_nonexistent.h: No such file or directory
compilation terminated.
configure:12112: $? = 1
configure: failed program was:
| /* confdefs.h */
| #define PACKAGE_NAME "libfprint"
| #define PACKAGE_TARNAME "libfprint"
| #define PACKAGE_VERSION "0.4.0"
| #define PACKAGE_STRING "libfprint 0.4.0"
| #define PACKAGE_BUGREPORT ""
| #define PACKAGE_URL ""
| #define PACKAGE "libfprint"
| #define VERSION "0.4.0"
| #define STDC_HEADERS 1
| #define HAVE_SYS_TYPES_H 1
| #define HAVE_SYS_STAT_H 1
| #define HAVE_STDLIB_H 1
| #define HAVE_STRING_H 1
| #define HAVE_MEMORY_H 1
| #define HAVE_STRINGS_H 1
| #define HAVE_INTTYPES_H 1
| #define HAVE_STDINT_H 1
| #define HAVE_UNISTD_H 1
| #define HAVE_DLFCN_H 1
| #define LT_OBJDIR ".libs/"
| /* end confdefs.h.  */
| #include <ac_nonexistent.h>
configure:12281: checking for ld used by g++
configure:12348: result: /usr/bin/ld
configure:12355: checking if the linker (/usr/bin/ld) is GNU ld
configure:12370: result: yes
configure:12425: checking whether the g++ linker (/usr/bin/ld) supports shared libraries
configure:13430: result: yes
configure:13466: g++ -c -g -O2  conftest.cpp >&5
configure:13469: $? = 0
configure:13989: checking for g++ option to produce PIC
configure:13996: result: -fPIC -DPIC
configure:14004: checking if g++ PIC flag -fPIC -DPIC works
configure:14022: g++ -c -g -O2  -fPIC -DPIC -DPIC conftest.cpp >&5
configure:14026: $? = 0
configure:14039: result: yes
configure:14062: checking if g++ static flag -static works
configure:14090: result: yes
configure:14102: checking if g++ supports -c -o file.o
configure:14123: g++ -c -g -O2  -o out/conftest2.o conftest.cpp >&5
configure:14127: $? = 0
configure:14149: result: yes
configure:14154: checking if g++ supports -c -o file.o
configure:14201: result: yes
configure:14231: checking whether the g++ linker (/usr/bin/ld) supports shared libraries
configure:14270: result: yes
configure:14411: checking dynamic linker characteristics
configure:15090: result: GNU/Linux ld.so
configure:15143: checking how to hardcode library paths into programs
configure:15168: result: immediate
configure:15467: checking for pkg-config
configure:15485: found /usr/bin/pkg-config
configure:15497: result: /usr/bin/pkg-config
configure:15522: checking pkg-config is at least version 0.9.0
configure:15525: result: yes
configure:15535: checking for LIBUSB
configure:15542: $PKG_CONFIG --exists --print-errors "libusb-1.0 >= 0.9.1"
configure:15545: $? = 0
configure:15559: $PKG_CONFIG --exists --print-errors "libusb-1.0 >= 0.9.1"
configure:15562: $? = 0
configure:15620: result: yes
configure:15630: checking for CRYPTO
configure:15637: $PKG_CONFIG --exists --print-errors "nss"
configure:15640: $? = 0
configure:15654: $PKG_CONFIG --exists --print-errors "nss"
configure:15657: $? = 0
configure:15715: result: yes
configure:15724: checking for GLIB
configure:15731: $PKG_CONFIG --exists --print-errors ""glib-2.0""
configure:15734: $? = 0
configure:15748: $PKG_CONFIG --exists --print-errors ""glib-2.0""
configure:15751: $? = 0
configure:15809: result: yes
configure:15822: checking for IMAGING
configure:15829: $PKG_CONFIG --exists --print-errors "gthread-2.0 gdk-pixbuf-2.0"
configure:15832: $? = 0
configure:15846: $PKG_CONFIG --exists --print-errors "gthread-2.0 gdk-pixbuf-2.0"
configure:15849: $? = 0
configure:15887: result: yes
configure:16033: checking for Xv extensions
configure:16050: gcc -c -g -O2  conftest.c >&5
configure:16050: $? = 0
configure:16056: result: yes
configure:16111: gcc -c -g -O2 -fgnu89-inline  conftest.c >&5
configure:16111: $? = 0
configure:16127: ** Using gdk-pixbuf for imaging
configure:16139: ** upekts driver enabled
configure:16146: ** upeke2 driver enabled
configure:16156:    upektc driver disabled
configure:16160: ** upeksonly driver enabled
configure:16167: ** vcom5s driver enabled
configure:16174: ** uru4000 driver enabled
configure:16184:    fdu2000 driver disabled
configure:16188: ** aes1610 driver enabled
configure:16195: ** aes2501 driver enabled
configure:16202: ** aes4000 driver enabled
configure:16209: ** vfs101 driver enabled
configure:16216: ** aeslib helper functions enabled
configure:16419: creating ./config.status

## ---------------------- ##
## Running config.status. ##
## ---------------------- ##

This file was extended by libfprint config.status 0.4.0, which was
generated by GNU Autoconf 2.68.  Invocation command line was

  CONFIG_FILES    = 
  CONFIG_HEADERS  = 
  CONFIG_LINKS    = 
  CONFIG_COMMANDS = 
  $ ./config.status 

on icall

config.status:1222: creating libfprint.pc
config.status:1222: creating Makefile
config.status:1222: creating libfprint/Makefile
config.status:1222: creating examples/Makefile
config.status:1222: creating doc/Makefile
config.status:1222: creating config.h
config.status:1451: executing depfiles commands
config.status:1451: executing libtool commands
configure:18922: WARNING: unrecognized options: --enable-maintainer-mode

## ---------------- ##
## Cache variables. ##
## ---------------- ##

ac_cv_build=i686-pc-linux-gnu
ac_cv_c_compiler_gnu=yes
ac_cv_c_inline=inline
ac_cv_cxx_compiler_gnu=yes
ac_cv_env_CCC_set=
ac_cv_env_CCC_value=
ac_cv_env_CC_set=
ac_cv_env_CC_value=
ac_cv_env_CFLAGS_set=
ac_cv_env_CFLAGS_value=
ac_cv_env_CPPFLAGS_set=
ac_cv_env_CPPFLAGS_value=
ac_cv_env_CPP_set=
ac_cv_env_CPP_value=
ac_cv_env_CRYPTO_CFLAGS_set=
ac_cv_env_CRYPTO_CFLAGS_value=
ac_cv_env_CRYPTO_LIBS_set=
ac_cv_env_CRYPTO_LIBS_value=
ac_cv_env_CXXCPP_set=
ac_cv_env_CXXCPP_value=
ac_cv_env_CXXFLAGS_set=
ac_cv_env_CXXFLAGS_value=
ac_cv_env_CXX_set=
ac_cv_env_CXX_value=
ac_cv_env_GLIB_CFLAGS_set=
ac_cv_env_GLIB_CFLAGS_value=
ac_cv_env_GLIB_LIBS_set=
ac_cv_env_GLIB_LIBS_value=
ac_cv_env_IMAGING_CFLAGS_set=
ac_cv_env_IMAGING_CFLAGS_value=
ac_cv_env_IMAGING_LIBS_set=
ac_cv_env_IMAGING_LIBS_value=
ac_cv_env_LDFLAGS_set=
ac_cv_env_LDFLAGS_value=
ac_cv_env_LIBS_set=
ac_cv_env_LIBS_value=
ac_cv_env_LIBUSB_CFLAGS_set=
ac_cv_env_LIBUSB_CFLAGS_value=
ac_cv_env_LIBUSB_LIBS_set=
ac_cv_env_LIBUSB_LIBS_value=
ac_cv_env_PKG_CONFIG_LIBDIR_set=
ac_cv_env_PKG_CONFIG_LIBDIR_value=
ac_cv_env_PKG_CONFIG_PATH_set=
ac_cv_env_PKG_CONFIG_PATH_value=
ac_cv_env_PKG_CONFIG_set=
ac_cv_env_PKG_CONFIG_value=
ac_cv_env_build_alias_set=
ac_cv_env_build_alias_value=
ac_cv_env_host_alias_set=
ac_cv_env_host_alias_value=
ac_cv_env_target_alias_set=
ac_cv_env_target_alias_value=
ac_cv_header_dlfcn_h=yes
ac_cv_header_inttypes_h=yes
ac_cv_header_memory_h=yes
ac_cv_header_stdc=yes
ac_cv_header_stdint_h=yes
ac_cv_header_stdlib_h=yes
ac_cv_header_string_h=yes
ac_cv_header_strings_h=yes
ac_cv_header_sys_stat_h=yes
ac_cv_header_sys_types_h=yes
ac_cv_header_unistd_h=yes
ac_cv_host=i686-pc-linux-gnu
ac_cv_objext=o
ac_cv_path_EGREP='/bin/grep -E'
ac_cv_path_FGREP='/bin/grep -F'
ac_cv_path_GREP=/bin/grep
ac_cv_path_SED=/bin/sed
ac_cv_path_ac_pt_PKG_CONFIG=/usr/bin/pkg-config
ac_cv_path_install='/usr/bin/install -c'
ac_cv_path_mkdir=/bin/mkdir
ac_cv_prog_AWK=mawk
ac_cv_prog_CPP='gcc -E'
ac_cv_prog_CXXCPP='g++ -E'
ac_cv_prog_ac_ct_AR=ar
ac_cv_prog_ac_ct_CC=gcc
ac_cv_prog_ac_ct_CXX=g++
ac_cv_prog_ac_ct_MANIFEST_TOOL=mt
ac_cv_prog_ac_ct_OBJDUMP=objdump
ac_cv_prog_ac_ct_RANLIB=ranlib
ac_cv_prog_ac_ct_STRIP=strip
ac_cv_prog_cc_c89=
ac_cv_prog_cc_g=yes
ac_cv_prog_cc_gcc_c_o=yes
ac_cv_prog_cxx_g=yes
ac_cv_prog_make_make_set=yes
am_cv_CC_dependencies_compiler_type=gcc3
am_cv_CXX_dependencies_compiler_type=gcc3
am_cv_make_support_nested_variables=yes
lt_cv_ar_at_file=@
lt_cv_archive_cmds_need_lc=no
lt_cv_deplibs_check_method=pass_all
lt_cv_file_magic_cmd='$MAGIC_CMD'
lt_cv_file_magic_test_file=
lt_cv_ld_reload_flag=-r
lt_cv_nm_interface='BSD nm'
lt_cv_objdir=.libs
lt_cv_path_LD=/usr/bin/ld
lt_cv_path_LDCXX=/usr/bin/ld
lt_cv_path_NM='/usr/bin/nm -B'
lt_cv_path_mainfest_tool=no
lt_cv_prog_compiler_c_o=yes
lt_cv_prog_compiler_c_o_CXX=yes
lt_cv_prog_compiler_pic='-fPIC -DPIC'
lt_cv_prog_compiler_pic_CXX='-fPIC -DPIC'
lt_cv_prog_compiler_pic_works=yes
lt_cv_prog_compiler_pic_works_CXX=yes
lt_cv_prog_compiler_rtti_exceptions=no
lt_cv_prog_compiler_static_works=yes
lt_cv_prog_compiler_static_works_CXX=yes
lt_cv_prog_gnu_ld=yes
lt_cv_prog_gnu_ldcxx=yes
lt_cv_sharedlib_from_linklib_cmd='printf %s\n'
lt_cv_shlibpath_overrides_runpath=no
lt_cv_sys_global_symbol_pipe='sed -n -e '\''s/^.*[	 ]\([ABCDGIRSTW][ABCDGIRSTW]*\)[	 ][	 ]*\([_A-Za-z][_A-Za-z0-9]*\)$/\1 \2 \2/p'\'' | sed '\''/ __gnu_lto/d'\'''
lt_cv_sys_global_symbol_to_c_name_address='sed -n -e '\''s/^: \([^ ]*\)[ ]*$/  {\"\1\", (void *) 0},/p'\'' -e '\''s/^[ABCDGIRSTW]* \([^ ]*\) \([^ ]*\)$/  {"\2", (void *) \&\2},/p'\'''
lt_cv_sys_global_symbol_to_c_name_address_lib_prefix='sed -n -e '\''s/^: \([^ ]*\)[ ]*$/  {\"\1\", (void *) 0},/p'\'' -e '\''s/^[ABCDGIRSTW]* \([^ ]*\) \(lib[^ ]*\)$/  {"\2", (void *) \&\2},/p'\'' -e '\''s/^[ABCDGIRSTW]* \([^ ]*\) \([^ ]*\)$/  {"lib\2", (void *) \&\2},/p'\'''
lt_cv_sys_global_symbol_to_cdecl='sed -n -e '\''s/^T .* \(.*\)$/extern int \1();/p'\'' -e '\''s/^[ABCDGIRSTW]* .* \(.*\)$/extern char \1;/p'\'''
lt_cv_sys_max_cmd_len=1572864
lt_cv_to_host_file_cmd=func_convert_file_noop
lt_cv_to_tool_file_cmd=func_convert_file_noop
pkg_cv_CRYPTO_CFLAGS='-I/usr/include/nss -I/usr/include/nspr  '
pkg_cv_CRYPTO_LIBS='-lnss3 -lnssutil3 -lsmime3 -lssl3 -lplds4 -lplc4 -lnspr4 -lpthread -ldl  '
pkg_cv_GLIB_CFLAGS='-I/usr/include/glib-2.0 -I/usr/lib/i386-linux-gnu/glib-2.0/include  '
pkg_cv_GLIB_LIBS='-lglib-2.0  '
pkg_cv_IMAGING_CFLAGS='-pthread -I/usr/include/glib-2.0 -I/usr/lib/i386-linux-gnu/glib-2.0/include -I/usr/include/gdk-pixbuf-2.0 -I/usr/include/libpng12  '
pkg_cv_IMAGING_LIBS='-pthread -lgthread-2.0 -lrt -lgdk_pixbuf-2.0 -lgobject-2.0 -lglib-2.0  '
pkg_cv_LIBUSB_CFLAGS='-I/usr/include/libusb-1.0  '
pkg_cv_LIBUSB_LIBS='-lusb-1.0  '

## ----------------- ##
## Output variables. ##
## ----------------- ##

ACLOCAL='${SHELL} "/home/icall/projeto-icall/tag /oldICall/icall/lib/libfprint-master/missing" --run aclocal-1.11'
AMDEPBACKSLASH='\'
AMDEP_FALSE='#'
AMDEP_TRUE=''
AMTAR='$${TAR-tar}'
AM_BACKSLASH='\'
AM_CFLAGS='-std=gnu99 -fgnu89-inline -Wall -Wundef -Wunused -Wstrict-prototypes -Werror-implicit-function-declaration -Wno-pointer-sign -Wshadow'
AM_DEFAULT_V='$(AM_DEFAULT_VERBOSITY)'
AM_DEFAULT_VERBOSITY='0'
AM_V='$(V)'
AR='ar'
AUTOCONF='${SHELL} "/home/icall/projeto-icall/tag /oldICall/icall/lib/libfprint-master/missing" --run autoconf'
AUTOHEADER='${SHELL} "/home/icall/projeto-icall/tag /oldICall/icall/lib/libfprint-master/missing" --run autoheader'
AUTOMAKE='${SHELL} "/home/icall/projeto-icall/tag /oldICall/icall/lib/libfprint-master/missing" --run automake-1.11'
AWK='mawk'
BUILD_EXAMPLES_FALSE='#'
BUILD_EXAMPLES_TRUE=''
BUILD_X11_EXAMPLES_FALSE='#'
BUILD_X11_EXAMPLES_TRUE=''
CC='gcc'
CCDEPMODE='depmode=gcc3'
CFLAGS='-g -O2'
CPP='gcc -E'
CPPFLAGS=''
CRYPTO_CFLAGS='-I/usr/include/nss -I/usr/include/nspr  '
CRYPTO_LIBS='-lnss3 -lnssutil3 -lsmime3 -lssl3 -lplds4 -lplc4 -lnspr4 -lpthread -ldl  '
CXX='g++'
CXXCPP='g++ -E'
CXXDEPMODE='depmode=gcc3'
CXXFLAGS='-g -O2'
CYGPATH_W='echo'
DEFS='-DHAVE_CONFIG_H'
DEPDIR='.deps'
DLLTOOL='false'
DSYMUTIL=''
DUMPBIN=''
ECHO_C=''
ECHO_N='-n'
ECHO_T=''
EGREP='/bin/grep -E'
ENABLE_AES1610_FALSE='#'
ENABLE_AES1610_TRUE=''
ENABLE_AES2501_FALSE='#'
ENABLE_AES2501_TRUE=''
ENABLE_AES4000_FALSE='#'
ENABLE_AES4000_TRUE=''
ENABLE_FDU2000_FALSE=''
ENABLE_FDU2000_TRUE='#'
ENABLE_UPEKE2_FALSE='#'
ENABLE_UPEKE2_TRUE=''
ENABLE_UPEKSONLY_FALSE='#'
ENABLE_UPEKSONLY_TRUE=''
ENABLE_UPEKTS_FALSE='#'
ENABLE_UPEKTS_TRUE=''
ENABLE_URU4000_FALSE='#'
ENABLE_URU4000_TRUE=''
ENABLE_VCOM5S_FALSE='#'
ENABLE_VCOM5S_TRUE=''
ENABLE_VFS101_FALSE='#'
ENABLE_VFS101_TRUE=''
EXEEXT=''
FGREP='/bin/grep -F'
GLIB_CFLAGS='-I/usr/include/glib-2.0 -I/usr/lib/i386-linux-gnu/glib-2.0/include  '
GLIB_LIBS='-lglib-2.0  '
GREP='/bin/grep'
IMAGING_CFLAGS='-pthread -I/usr/include/glib-2.0 -I/usr/lib/i386-linux-gnu/glib-2.0/include -I/usr/include/gdk-pixbuf-2.0 -I/usr/include/libpng12  '
IMAGING_LIBS='-pthread -lgthread-2.0 -lrt -lgdk_pixbuf-2.0 -lgobject-2.0 -lglib-2.0  '
INSTALL_DATA='${INSTALL} -m 644'
INSTALL_PROGRAM='${INSTALL}'
INSTALL_SCRIPT='${INSTALL}'
INSTALL_STRIP_PROGRAM='$(install_sh) -c -s'
LD='/usr/bin/ld'
LDFLAGS=''
LIBOBJS=''
LIBS=''
LIBTOOL='$(SHELL) $(top_builddir)/libtool'
LIBUSB_CFLAGS='-I/usr/include/libusb-1.0  '
LIBUSB_LIBS='-lusb-1.0  '
LIPO=''
LN_S='ln -s'
LTLIBOBJS=''
MAKEINFO='${SHELL} "/home/icall/projeto-icall/tag /oldICall/icall/lib/libfprint-master/missing" --run makeinfo'
MANIFEST_TOOL=':'
MKDIR_P='/bin/mkdir -p'
NM='/usr/bin/nm -B'
NMEDIT=''
OBJDUMP='objdump'
OBJEXT='o'
OTOOL64=''
OTOOL=''
PACKAGE='libfprint'
PACKAGE_BUGREPORT=''
PACKAGE_NAME='libfprint'
PACKAGE_STRING='libfprint 0.4.0'
PACKAGE_TARNAME='libfprint'
PACKAGE_URL=''
PACKAGE_VERSION='0.4.0'
PATH_SEPARATOR=':'
PKG_CONFIG='/usr/bin/pkg-config'
PKG_CONFIG_LIBDIR=''
PKG_CONFIG_PATH=''
RANLIB='ranlib'
REQUIRE_AESLIB_FALSE='#'
REQUIRE_AESLIB_TRUE=''
REQUIRE_GDKPIXBUF_FALSE='#'
REQUIRE_GDKPIXBUF_TRUE=''
REQUIRE_IMAGEMAGICK_FALSE=''
REQUIRE_IMAGEMAGICK_TRUE='#'
SED='/bin/sed'
SET_MAKE=''
SHELL='/bin/bash'
STRIP='strip'
VERSION='0.4.0'
XV_CFLAGS=''
XV_LIBS='-lXv -lXext'
ac_ct_AR='ar'
ac_ct_CC='gcc'
ac_ct_CXX='g++'
ac_ct_DUMPBIN=''
am__EXEEXT_FALSE=''
am__EXEEXT_TRUE='#'
am__fastdepCC_FALSE='#'
am__fastdepCC_TRUE=''
am__fastdepCXX_FALSE='#'
am__fastdepCXX_TRUE=''
am__include='include'
am__isrc=''
am__leading_dot='.'
am__nodep='_no'
am__quote=''
am__tar='$${TAR-tar} chof - "$$tardir"'
am__untar='$${TAR-tar} xf -'
bindir='${exec_prefix}/bin'
build='i686-pc-linux-gnu'
build_alias=''
build_cpu='i686'
build_os='linux-gnu'
build_vendor='pc'
datadir='${datarootdir}'
datarootdir='${prefix}/share'
docdir='${datarootdir}/doc/${PACKAGE_TARNAME}'
dvidir='${docdir}'
exec_prefix='${prefix}'
host='i686-pc-linux-gnu'
host_alias=''
host_cpu='i686'
host_os='linux-gnu'
host_vendor='pc'
htmldir='${docdir}'
includedir='${prefix}/include'
infodir='${datarootdir}/info'
install_sh='${SHELL} '\''/home/icall/projeto-icall/tag /oldICall/icall/lib/libfprint-master/install-sh'\'''
libdir='${exec_prefix}/lib'
libexecdir='${exec_prefix}/libexec'
localedir='${datarootdir}/locale'
localstatedir='${prefix}/var'
lt_age='0'
lt_major='0'
lt_revision='0'
mandir='${datarootdir}/man'
mkdir_p='/bin/mkdir -p'
oldincludedir='/usr/include'
pdfdir='${docdir}'
prefix='/usr/local'
program_transform_name='s,x,x,'
psdir='${docdir}'
sbindir='${exec_prefix}/sbin'
sharedstatedir='${prefix}/com'
sysconfdir='${prefix}/etc'
target_alias=''

## ----------- ##
## confdefs.h. ##
## ----------- ##

/* confdefs.h */
#define PACKAGE_NAME "libfprint"
#define PACKAGE_TARNAME "libfprint"
#define PACKAGE_VERSION "0.4.0"
#define PACKAGE_STRING "libfprint 0.4.0"
#define PACKAGE_BUGREPORT ""
#define PACKAGE_URL ""
#define PACKAGE "libfprint"
#define VERSION "0.4.0"
#define STDC_HEADERS 1
#define HAVE_SYS_TYPES_H 1
#define HAVE_SYS_STAT_H 1
#define HAVE_STDLIB_H 1
#define HAVE_STRING_H 1
#define HAVE_MEMORY_H 1
#define HAVE_STRINGS_H 1
#define HAVE_INTTYPES_H 1
#define HAVE_STDINT_H 1
#define HAVE_UNISTD_H 1
#define HAVE_DLFCN_H 1
#define LT_OBJDIR ".libs/"
#define _GNU_SOURCE /**/
#define ENABLE_UPEKE2 /**/
#define ENABLE_UPEKTS /**/
#define ENABLE_UPEKTC /**/
#define ENABLE_UPEKSONLY /**/
#define ENABLE_VCOM5S /**/
#define ENABLE_URU4000 /**/
#define ENABLE_FDU2000 /**/
#define ENABLE_AES1610 /**/
#define ENABLE_AES2501 /**/
#define ENABLE_AES4000 /**/
#define ENABLE_VFS101 /**/
#define HAVE_XV 1
#define ENABLE_LOGGING 1
#define ENABLE_DEBUG_LOGGING 1
#define API_EXPORTED __attribute__((visibility("default")))

configure: exit 0
